<?xml version="1.0" encoding="UTF-8"?>
<testsuites>
  <testsuite id="0" name="/Users/erikm.johnson/Desktop/code_fellows/401/hue-out-ther/__test__/bridge.test.js" errors="0" package="/Users/erikm.johnson/Desktop/code_fellows/401/hue-out-ther/__test__/bridge.test.js" hostname="localhost" tests="4" failures="0" time="1.657" timestamp="2019-04-23T00:30:23">
    <properties>
    </properties>
    <testcase classname="testing bridge functionality" name="testing single light off" time="0">
    </testcase>
    <testcase classname="testing bridge functionality" name="testing single light on" time="0">
    </testcase>
    <testcase classname="testing bridge functionality" name="testing group light on" time="0">
    </testcase>
    <testcase classname="testing bridge functionality" name="testing group light off" time="0">
    </testcase>
    <system-out/>
    <system-err/>
  </testsuite>
  <testsuite id="1" name="/Users/erikm.johnson/Desktop/code_fellows/401/hue-out-ther/__test__/middleware.test.js" errors="0" package="/Users/erikm.johnson/Desktop/code_fellows/401/hue-out-ther/__test__/middleware.test.js" hostname="localhost" tests="5" failures="0" time="2.019" timestamp="2019-04-23T00:30:23">
    <properties>
    </properties>
    <testcase classname="supergoose" name="is super" time="0">
    </testcase>
    <testcase classname="Testing 404 and error middle" name="/signup" time="0">
    </testcase>
    <testcase classname="Testing 404 and error middle" name="401 testing" time="0">
    </testcase>
    <testcase classname="Testing 404 and error middle" name="404 testing" time="0">
    </testcase>
    <testcase classname="Testing 404 and error middle" name="500 testing" time="0">
    </testcase>
    <system-out/>
    <system-err/>
  </testsuite>
  <testsuite id="2" name="/Users/erikm.johnson/Desktop/code_fellows/401/hue-out-ther/__test__/signup-in.test.js" errors="0" package="/Users/erikm.johnson/Desktop/code_fellows/401/hue-out-ther/__test__/signup-in.test.js" hostname="localhost" tests="3" failures="0" time="2.076" timestamp="2019-04-23T00:30:23">
    <properties>
    </properties>
    <testcase classname="supergoose" name="is super" time="0">
    </testcase>
    <testcase classname="Testing /signin and /signup" name="/signup" time="0">
    </testcase>
    <testcase classname="Testing /signin and /signup" name="/signin" time="0">
    </testcase>
    <system-out/>
    <system-err/>
  </testsuite>
</testsuites>